2017-01-06 08:34:59,867 [myid:] - INFO  [main:QuorumPeerConfig@103] - Reading configuration from: /opt/zookeeper/bin/../conf/zoo.cfg
2017-01-06 08:34:59,888 [myid:] - INFO  [main:DatadirCleanupManager@78] - autopurge.snapRetainCount set to 3
2017-01-06 08:34:59,888 [myid:] - INFO  [main:DatadirCleanupManager@79] - autopurge.purgeInterval set to 0
2017-01-06 08:34:59,888 [myid:] - INFO  [main:DatadirCleanupManager@101] - Purge task is not scheduled.
2017-01-06 08:34:59,890 [myid:] - WARN  [main:QuorumPeerMain@113] - Either no config or no quorum defined in config, running  in standalone mode
2017-01-06 08:34:59,910 [myid:] - INFO  [main:QuorumPeerConfig@103] - Reading configuration from: /opt/zookeeper/bin/../conf/zoo.cfg
2017-01-06 08:34:59,910 [myid:] - INFO  [main:ZooKeeperServerMain@95] - Starting server
2017-01-06 08:34:59,950 [myid:] - INFO  [main:Environment@100] - Server environment:zookeeper.version=3.4.8--1, built on 02/06/2016 03:18 GMT
2017-01-06 08:34:59,950 [myid:] - INFO  [main:Environment@100] - Server environment:host.name=gavinli
2017-01-06 08:34:59,950 [myid:] - INFO  [main:Environment@100] - Server environment:java.version=1.7.0_121
2017-01-06 08:34:59,950 [myid:] - INFO  [main:Environment@100] - Server environment:java.vendor=Oracle Corporation
2017-01-06 08:34:59,951 [myid:] - INFO  [main:Environment@100] - Server environment:java.home=/usr/lib/jvm/java-7-openjdk-amd64/jre
2017-01-06 08:34:59,951 [myid:] - INFO  [main:Environment@100] - Server environment:java.class.path=/opt/zookeeper/bin/../build/classes:/opt/zookeeper/bin/../build/lib/*.jar:/opt/zookeeper/bin/../lib/slf4j-log4j12-1.6.1.jar:/opt/zookeeper/bin/../lib/slf4j-api-1.6.1.jar:/opt/zookeeper/bin/../lib/netty-3.7.0.Final.jar:/opt/zookeeper/bin/../lib/log4j-1.2.16.jar:/opt/zookeeper/bin/../lib/jline-0.9.94.jar:/opt/zookeeper/bin/../zookeeper-3.4.8.jar:/opt/zookeeper/bin/../src/java/lib/*.jar:/opt/zookeeper/bin/../conf:
2017-01-06 08:34:59,951 [myid:] - INFO  [main:Environment@100] - Server environment:java.library.path=/usr/java/packages/lib/amd64:/usr/lib/x86_64-linux-gnu/jni:/lib/x86_64-linux-gnu:/usr/lib/x86_64-linux-gnu:/usr/lib/jni:/lib:/usr/lib
2017-01-06 08:34:59,951 [myid:] - INFO  [main:Environment@100] - Server environment:java.io.tmpdir=/tmp
2017-01-06 08:34:59,951 [myid:] - INFO  [main:Environment@100] - Server environment:java.compiler=<NA>
2017-01-06 08:34:59,954 [myid:] - INFO  [main:Environment@100] - Server environment:os.name=Linux
2017-01-06 08:34:59,954 [myid:] - INFO  [main:Environment@100] - Server environment:os.arch=amd64
2017-01-06 08:34:59,954 [myid:] - INFO  [main:Environment@100] - Server environment:os.version=4.4.0-57-generic
2017-01-06 08:34:59,955 [myid:] - INFO  [main:Environment@100] - Server environment:user.name=root
2017-01-06 08:34:59,955 [myid:] - INFO  [main:Environment@100] - Server environment:user.home=/root
2017-01-06 08:34:59,955 [myid:] - INFO  [main:Environment@100] - Server environment:user.dir=/home/gavin/Dev/GitRepo/generic-support/etc/local-bin
2017-01-06 08:34:59,972 [myid:] - INFO  [main:ZooKeeperServer@787] - tickTime set to 2000
2017-01-06 08:34:59,972 [myid:] - INFO  [main:ZooKeeperServer@796] - minSessionTimeout set to -1
2017-01-06 08:34:59,973 [myid:] - INFO  [main:ZooKeeperServer@805] - maxSessionTimeout set to -1
2017-01-06 08:35:00,083 [myid:] - INFO  [main:NIOServerCnxnFactory@89] - binding to port 0.0.0.0/0.0.0.0:2181
